<?xml version="1.0" encoding="UTF-8"?>
<!-- Generated by org.testng.reporters.JUnitReportReporter -->
<testsuite skipped="0" hostname="LT0088970" name="com.form16.qa.testcases.HomePageTest" tests="4" failures="0" timestamp="06 Aug 2018 08:22:32 GMT" time="10.369" errors="0">
  <testcase name="clickOnServiceTest" time="3.122" classname="com.form16.qa.testcases.HomePageTest"/>
  <testcase name="homeLabelTest" time="0.546" classname="com.form16.qa.testcases.HomePageTest"/>
  <testcase name="form16linkTitleTest" time="0.541" classname="com.form16.qa.testcases.HomePageTest"/>
  <testcase name="clickOnForm16Test" time="6.160" classname="com.form16.qa.testcases.HomePageTest"/>
</testsuite> <!-- com.form16.qa.testcases.HomePageTest -->
