<?xml version="1.0" encoding="UTF-8"?>
<!-- Generated by org.testng.reporters.JUnitReportReporter -->
<testsuite skipped="0" hostname="LT0088970" name="com.form16.qa.testcases.GenerateExcelReport" tests="1" failures="0" timestamp="06 Aug 2018 09:05:05 GMT" time="1.766" errors="0">
  <testcase name="Report" time="1.766" classname="com.form16.qa.testcases.GenerateExcelReport"/>
</testsuite> <!-- com.form16.qa.testcases.GenerateExcelReport -->
