<?xml version="1.0" encoding="UTF-8"?>
<!-- Generated by org.testng.reporters.JUnitReportReporter -->
<testsuite skipped="0" hostname="LT0088970" name="com.form16.qa.testcases.HomePageTest" tests="4" failures="0" timestamp="26 Jun 2018 09:28:38 GMT" time="10.407" errors="0">
  <testcase name="form16linkTitleTest" time="1.120" classname="com.form16.qa.testcases.HomePageTest"/>
  <testcase name="clickOnForm16Test" time="6.132" classname="com.form16.qa.testcases.HomePageTest"/>
  <testcase name="clickOnServiceTest" time="3.071" classname="com.form16.qa.testcases.HomePageTest"/>
  <testcase name="homeLabelTest" time="0.084" classname="com.form16.qa.testcases.HomePageTest"/>
</testsuite> <!-- com.form16.qa.testcases.HomePageTest -->
