<?xml version="1.0" encoding="UTF-8"?>
<!-- Generated by org.testng.reporters.JUnitReportReporter -->
<testsuite skipped="0" hostname="LT0088970" name="com.form16.qa.testcases.HomePageTest" tests="4" failures="0" timestamp="27 Jun 2018 17:52:20 GMT" time="12.589" errors="0">
  <testcase name="clickOnForm16Test" time="6.257" classname="com.form16.qa.testcases.HomePageTest"/>
  <testcase name="clickOnServiceTest" time="3.197" classname="com.form16.qa.testcases.HomePageTest"/>
  <testcase name="homeLabelTest" time="0.424" classname="com.form16.qa.testcases.HomePageTest"/>
  <testcase name="form16linkTitleTest" time="2.711" classname="com.form16.qa.testcases.HomePageTest"/>
</testsuite> <!-- com.form16.qa.testcases.HomePageTest -->
