<?xml version="1.0" encoding="UTF-8"?>
<!-- Generated by org.testng.reporters.JUnitReportReporter -->
<testsuite skipped="0" hostname="LT0088970" name="com.form16.qa.testcases.LoginPageTest" tests="3" failures="0" timestamp="06 Aug 2018 08:22:32 GMT" time="0.322" errors="0">
  <testcase name="loginPageTitleTest" time="0.012" classname="com.form16.qa.testcases.LoginPageTest"/>
  <testcase name="hrServicelogoTest" time="0.054" classname="com.form16.qa.testcases.LoginPageTest"/>
  <testcase name="loginTest" time="0.256" classname="com.form16.qa.testcases.LoginPageTest"/>
</testsuite> <!-- com.form16.qa.testcases.LoginPageTest -->
