<?xml version="1.0" encoding="UTF-8"?>
<!-- Generated by org.testng.reporters.JUnitReportReporter -->
<testsuite skipped="0" hostname="LT0088970" name="com.form16.qa.pages.GenerateExcelReport" tests="1" failures="0" timestamp="26 Jun 2018 08:42:14 GMT" time="1.377" errors="0">
  <testcase name="Report" time="1.377" classname="com.form16.qa.pages.GenerateExcelReport"/>
</testsuite> <!-- com.form16.qa.pages.GenerateExcelReport -->
