<?xml version="1.0" encoding="UTF-8"?>
<!-- Generated by org.testng.reporters.JUnitReportReporter -->
<testsuite skipped="0" hostname="LT0088970" name="com.form16.qa.testcases.LoginPageTest" tests="3" failures="0" timestamp="26 Jun 2018 09:28:38 GMT" time="0.305" errors="0">
  <testcase name="loginPageTitleTest" time="0.009" classname="com.form16.qa.testcases.LoginPageTest"/>
  <testcase name="hrServicelogoTest" time="0.043" classname="com.form16.qa.testcases.LoginPageTest"/>
  <testcase name="loginTest" time="0.253" classname="com.form16.qa.testcases.LoginPageTest"/>
</testsuite> <!-- com.form16.qa.testcases.LoginPageTest -->
