<?xml version="1.0" encoding="UTF-8"?>
<!-- Generated by org.testng.reporters.JUnitReportReporter -->
<testsuite skipped="0" hostname="LT0088970" name="form16.Form16Test" tests="1" failures="0" timestamp="10 Aug 2018 09:57:00 GMT" time="47.599" errors="0">
  <testcase name="Form16TestCases" time="47.599" classname="form16.Form16Test"/>
</testsuite> <!-- form16.Form16Test -->
